TN:
SF:src/common/errors.ts
FN:4,(anonymous_0)
FN:32,(anonymous_1)
FN:45,(anonymous_2)
FNF:3
FNH:3
FNDA:3,(anonymous_0)
FNDA:24,(anonymous_1)
FNDA:1,(anonymous_2)
DA:4,3
DA:6,3
DA:7,3
DA:10,3
DA:11,3
DA:12,3
DA:13,3
DA:16,3
DA:17,3
DA:20,3
DA:21,3
DA:22,3
DA:28,3
DA:33,24
DA:34,24
DA:35,24
DA:36,24
DA:39,24
DA:46,1
LF:19
LH:19
BRDA:4,0,0,3
BRDA:4,0,1,3
BRF:2
BRH:2
end_of_record
TN:
SF:src/common/validation.ts
FN:9,validateQueryParameters
FN:36,validatePaginationParameters
FN:68,validateCacheParameters
FNF:3
FNH:3
FNDA:11,validateQueryParameters
FNDA:4,validatePaginationParameters
FNDA:11,validateCacheParameters
DA:1,1
DA:9,1
DA:13,11
DA:14,4
DA:21,7
DA:22,4
DA:36,1
DA:40,4
DA:41,4
DA:43,4
DA:44,0
DA:51,4
DA:52,0
DA:59,4
DA:68,1
DA:72,11
DA:73,3
DA:80,8
DA:81,5
LF:19
LH:17
BRDA:13,0,0,4
BRDA:13,1,0,11
BRDA:13,1,1,8
BRDA:13,1,2,8
BRDA:21,2,0,4
BRDA:21,3,0,7
BRDA:21,3,1,6
BRDA:40,4,0,1
BRDA:40,4,1,3
BRDA:40,5,0,3
BRDA:40,5,1,2
BRDA:41,6,0,1
BRDA:41,6,1,3
BRDA:41,7,0,3
BRDA:41,7,1,3
BRDA:43,8,0,0
BRDA:43,9,0,4
BRDA:43,9,1,4
BRDA:51,10,0,0
BRDA:51,11,0,4
BRDA:51,11,1,4
BRDA:51,11,2,4
BRDA:72,12,0,3
BRDA:72,13,0,11
BRDA:72,13,1,10
BRDA:72,13,2,10
BRDA:80,14,0,5
BRDA:80,15,0,8
BRDA:80,15,1,6
BRDA:80,15,2,3
BRF:30
BRH:28
end_of_record
TN:
SF:src/config/config.ts
FNF:0
FNH:0
DA:1,0
DA:5,0
DA:8,0
DA:25,0
DA:34,0
DA:39,0
LF:6
LH:0
BRDA:9,0,0,0
BRDA:9,0,1,0
BRDA:10,1,0,0
BRDA:10,1,1,0
BRDA:11,2,0,0
BRDA:11,2,1,0
BRDA:12,3,0,0
BRDA:12,3,1,0
BRDA:13,4,0,0
BRDA:13,4,1,0
BRDA:14,5,0,0
BRDA:14,5,1,0
BRDA:27,6,0,0
BRDA:27,6,1,0
BRDA:28,7,0,0
BRDA:28,7,1,0
BRDA:30,8,0,0
BRDA:30,8,1,0
BRDA:35,9,0,0
BRDA:35,9,1,0
BRF:20
BRH:0
end_of_record
TN:
SF:src/database/providers/mssql/key-manager.ts
FN:26,(anonymous_0)
FN:34,(anonymous_1)
FN:44,(anonymous_2)
FN:46,(anonymous_3)
FN:47,(anonymous_4)
FN:64,(anonymous_5)
FN:139,(anonymous_6)
FN:167,(anonymous_7)
FN:177,(anonymous_8)
FN:367,(anonymous_9)
FN:372,(anonymous_10)
FN:392,(anonymous_11)
FN:401,(anonymous_12)
FN:427,(anonymous_13)
FN:432,(anonymous_14)
FN:451,(anonymous_15)
FN:462,(anonymous_16)
FN:490,(anonymous_17)
FNF:18
FNH:11
FNDA:2,(anonymous_0)
FNDA:1,(anonymous_1)
FNDA:2,(anonymous_2)
FNDA:0,(anonymous_3)
FNDA:0,(anonymous_4)
FNDA:6,(anonymous_5)
FNDA:2,(anonymous_6)
FNDA:9,(anonymous_7)
FNDA:9,(anonymous_8)
FNDA:2,(anonymous_9)
FNDA:0,(anonymous_10)
FNDA:0,(anonymous_11)
FNDA:3,(anonymous_12)
FNDA:1,(anonymous_13)
FNDA:0,(anonymous_14)
FNDA:0,(anonymous_15)
FNDA:0,(anonymous_16)
FNDA:1,(anonymous_17)
DA:1,1
DA:2,1
DA:3,1
DA:8,1
DA:10,2
DA:15,2
DA:17,2
DA:18,2
DA:19,2
DA:22,2
DA:23,2
DA:28,2
DA:35,1
DA:36,1
DA:38,1
DA:45,2
DA:46,2
DA:47,0
DA:48,0
DA:53,2
DA:54,1
DA:65,6
DA:66,2
DA:69,4
DA:70,4
DA:73,4
DA:79,4
DA:81,4
DA:82,4
DA:83,4
DA:84,4
DA:85,4
DA:89,0
DA:90,0
DA:96,0
DA:98,0
DA:99,0
DA:100,0
DA:101,0
DA:102,0
DA:107,0
DA:108,0
DA:114,0
DA:116,0
DA:117,0
DA:118,0
DA:119,0
DA:120,0
DA:124,0
DA:125,0
DA:126,0
DA:127,0
DA:129,0
DA:130,0
DA:131,0
DA:132,0
DA:140,2
DA:142,2
DA:143,2
DA:146,2
DA:147,2
DA:148,1
DA:153,2
DA:156,1
DA:159,1
DA:160,1
DA:168,9
DA:169,2
DA:171,7
DA:186,9
DA:187,0
DA:191,9
DA:192,9
DA:193,1
DA:194,1
DA:198,8
DA:199,2
DA:200,2
DA:201,1
DA:202,1
DA:206,7
DA:210,7
DA:211,7
DA:214,7
DA:215,7
DA:216,6
DA:221,6
DA:224,1
DA:227,7
DA:230,7
DA:232,6
DA:233,6
DA:235,6
DA:240,6
DA:241,0
DA:245,6
DA:251,6
DA:253,0
DA:255,0
DA:256,0
DA:258,0
DA:259,0
DA:265,6
DA:268,1
DA:270,1
DA:272,0
DA:278,0
DA:282,1
DA:287,1
DA:288,0
DA:292,1
DA:299,1
DA:301,0
DA:303,0
DA:304,0
DA:306,0
DA:307,0
DA:315,1
DA:317,1
DA:318,1
DA:324,1
DA:326,0
DA:331,1
DA:332,1
DA:333,1
DA:339,1
DA:341,0
DA:346,1
DA:347,1
DA:351,7
DA:354,0
DA:355,0
DA:358,7
DA:359,7
DA:369,2
DA:370,1
DA:372,1
DA:373,0
DA:375,1
DA:379,1
DA:380,1
DA:381,2
DA:382,2
DA:386,1
DA:387,2
DA:391,1
DA:392,1
DA:393,0
DA:402,3
DA:403,3
DA:406,3
DA:407,3
DA:413,3
DA:419,0
DA:429,1
DA:430,0
DA:432,0
DA:433,0
DA:435,0
DA:439,1
DA:440,1
DA:441,1
DA:442,1
DA:446,1
DA:447,1
DA:451,1
DA:452,0
DA:463,0
DA:464,0
DA:465,0
DA:469,0
DA:470,0
DA:471,0
DA:473,0
DA:474,0
DA:475,0
DA:480,0
DA:482,0
DA:483,0
DA:491,1
DA:493,1
DA:494,1
DA:495,1
DA:498,1
DA:503,1
LF:185
LH:120
BRDA:35,0,0,1
BRDA:45,1,0,2
BRDA:53,2,0,1
BRDA:65,3,0,2
BRDA:81,4,0,4
BRDA:89,5,0,0
BRDA:98,6,0,0
BRDA:107,7,0,0
BRDA:116,8,0,0
BRDA:140,9,0,0
BRDA:147,10,0,1
BRDA:153,11,0,1
BRDA:168,12,0,2
BRDA:186,13,0,0
BRDA:192,14,0,1
BRDA:192,15,0,9
BRDA:192,15,1,1
BRDA:192,15,2,0
BRDA:194,16,0,1
BRDA:194,16,1,1
BRDA:198,17,0,2
BRDA:198,18,0,8
BRDA:198,18,1,2
BRDA:198,18,2,1
BRDA:200,19,0,1
BRDA:202,20,0,1
BRDA:202,20,1,1
BRDA:206,21,0,7
BRDA:206,21,1,5
BRDA:215,22,0,6
BRDA:215,22,1,1
BRDA:227,23,0,1
BRDA:227,23,1,6
BRDA:230,24,0,6
BRDA:230,24,1,1
BRDA:230,25,0,7
BRDA:230,25,1,1
BRDA:232,26,0,6
BRDA:232,27,0,6
BRDA:232,27,1,6
BRDA:240,28,0,0
BRDA:255,29,0,0
BRDA:255,29,1,0
BRDA:265,30,0,1
BRDA:265,31,0,6
BRDA:265,31,1,1
BRDA:265,31,2,1
BRDA:270,32,0,0
BRDA:270,33,0,1
BRDA:270,33,1,0
BRDA:287,34,0,0
BRDA:303,35,0,0
BRDA:303,35,1,0
BRDA:304,36,0,0
BRDA:304,36,1,0
BRDA:315,37,0,1
BRDA:315,38,0,1
BRDA:315,38,1,1
BRDA:331,39,0,1
BRDA:346,40,0,1
BRDA:346,41,0,1
BRDA:346,41,1,1
BRDA:358,42,0,7
BRDA:369,43,0,1
BRDA:369,44,0,2
BRDA:369,44,1,1
BRDA:381,45,0,2
BRDA:391,46,0,1
BRDA:403,47,0,1
BRDA:403,47,1,2
BRDA:406,48,0,3
BRDA:429,49,0,0
BRDA:429,50,0,1
BRDA:429,50,1,0
BRDA:441,51,0,1
BRDA:462,52,0,0
BRDA:469,53,0,0
BRDA:470,54,0,0
BRDA:470,54,1,0
BRDA:493,55,0,1
BRF:80
BRH:57
end_of_record
TN:
SF:src/database/providers/mssql/pool-manager.ts
FN:16,(anonymous_0)
FN:18,(anonymous_1)
FN:19,(anonymous_2)
FN:20,(anonymous_3)
FN:23,(anonymous_4)
FN:33,(anonymous_5)
FN:66,(anonymous_6)
FN:105,(anonymous_7)
FN:122,(anonymous_8)
FN:126,(anonymous_9)
FN:138,(anonymous_10)
FNF:11
FNH:7
FNDA:1,(anonymous_0)
FNDA:0,(anonymous_1)
FNDA:0,(anonymous_2)
FNDA:0,(anonymous_3)
FNDA:1,(anonymous_4)
FNDA:7,(anonymous_5)
FNDA:0,(anonymous_6)
FNDA:9,(anonymous_7)
FNDA:6,(anonymous_8)
FNDA:1,(anonymous_9)
FNDA:14,(anonymous_10)
DA:1,1
DA:2,1
DA:3,1
DA:4,1
DA:9,1
DA:11,1
DA:12,1
DA:13,1
DA:14,1
DA:18,1
DA:19,1
DA:20,1
DA:24,1
DA:25,1
DA:27,1
DA:34,7
DA:35,0
DA:39,7
DA:63,7
DA:66,7
DA:67,0
DA:70,0
DA:71,0
DA:74,0
DA:77,0
DA:78,0
DA:83,7
DA:84,7
DA:85,6
DA:86,6
DA:88,1
DA:91,1
DA:92,1
DA:95,0
DA:98,1
DA:107,9
DA:108,1
DA:112,8
DA:113,1
DA:117,7
DA:118,0
DA:122,7
DA:123,6
DA:124,6
DA:125,6
DA:128,1
DA:129,1
DA:132,7
DA:139,14
DA:140,8
DA:143,6
DA:144,6
DA:146,6
DA:148,6
DA:149,0
DA:150,0
DA:154,6
DA:157,6
DA:158,6
DA:159,5
DA:162,5
DA:164,1
DA:166,6
DA:167,6
DA:173,1
LF:65
LH:54
BRDA:24,0,0,1
BRDA:34,1,0,0
BRDA:46,2,0,0
BRDA:46,2,1,7
BRDA:46,3,0,7
BRDA:46,3,1,7
BRDA:47,4,0,0
BRDA:47,4,1,7
BRDA:47,5,0,7
BRDA:47,5,1,7
BRDA:70,6,0,0
BRDA:70,7,0,0
BRDA:70,7,1,0
BRDA:107,8,0,1
BRDA:107,9,0,9
BRDA:107,9,1,1
BRDA:107,10,0,8
BRDA:107,10,1,1
BRDA:107,11,0,9
BRDA:107,11,1,1
BRDA:112,12,0,1
BRDA:117,13,0,0
BRDA:139,14,0,8
BRDA:139,15,0,14
BRDA:139,15,1,11
BRDA:144,16,0,3
BRDA:144,16,1,3
BRDA:157,17,0,6
BRF:28
BRH:21
end_of_record
TN:
SF:src/services/redis.service.ts
FN:18,(anonymous_0)
FN:20,(anonymous_1)
FN:21,(anonymous_2)
FN:27,(anonymous_3)
FN:37,(anonymous_4)
FN:54,(anonymous_5)
FN:69,(anonymous_6)
FN:86,(anonymous_7)
FN:97,(anonymous_8)
FN:103,(anonymous_9)
FN:122,(anonymous_10)
FN:139,(anonymous_11)
FN:172,(anonymous_12)
FN:207,(anonymous_13)
FN:241,(anonymous_14)
FN:254,(anonymous_15)
FNF:16
FNH:10
FNDA:1,(anonymous_0)
FNDA:0,(anonymous_1)
FNDA:0,(anonymous_2)
FNDA:1,(anonymous_3)
FNDA:13,(anonymous_4)
FNDA:6,(anonymous_5)
FNDA:0,(anonymous_6)
FNDA:0,(anonymous_7)
FNDA:0,(anonymous_8)
FNDA:6,(anonymous_9)
FNDA:0,(anonymous_10)
FNDA:1,(anonymous_11)
FNDA:3,(anonymous_12)
FNDA:3,(anonymous_13)
FNDA:4,(anonymous_14)
FNDA:5,(anonymous_15)
DA:1,1
DA:2,1
DA:3,1
DA:10,1
DA:11,1
DA:12,1
DA:13,1
DA:14,1
DA:15,1
DA:20,1
DA:21,1
DA:28,1
DA:29,1
DA:31,1
DA:39,13
DA:40,0
DA:44,13
DA:45,1
DA:49,12
DA:50,6
DA:54,6
DA:55,6
DA:56,6
DA:57,0
DA:60,6
DA:62,6
DA:64,6
DA:71,0
DA:72,0
DA:73,0
DA:75,0
DA:76,0
DA:77,0
DA:86,6
DA:87,0
DA:90,0
DA:92,0
DA:97,6
DA:98,0
DA:99,0
DA:103,6
DA:104,6
DA:105,6
DA:109,6
DA:112,6
DA:115,0
DA:117,0
DA:120,0
DA:121,0
DA:122,0
DA:124,0
DA:126,0
DA:129,0
DA:133,6
DA:140,1
DA:141,0
DA:144,1
DA:145,1
DA:148,1
DA:149,0
DA:150,0
DA:154,1
DA:155,1
DA:156,1
DA:157,1
DA:159,0
DA:163,1
DA:164,1
DA:173,3
DA:174,0
DA:177,3
DA:178,3
DA:179,3
DA:182,3
DA:183,1
DA:187,2
DA:188,2
DA:190,1
DA:191,1
DA:194,0
DA:196,0
DA:208,3
DA:209,0
DA:212,3
DA:213,3
DA:216,3
DA:219,3
DA:220,1
DA:221,1
DA:225,2
DA:228,2
DA:229,2
DA:231,0
DA:232,0
DA:242,4
DA:243,0
DA:246,4
DA:247,4
DA:250,4
DA:253,4
DA:254,5
DA:258,4
DA:261,4
DA:262,3
DA:263,3
DA:266,1
DA:268,0
DA:269,0
DA:275,1
LF:109
LH:75
BRDA:28,0,0,1
BRDA:39,1,0,0
BRDA:44,2,0,1
BRDA:49,3,0,6
BRDA:49,4,0,3
BRDA:49,4,1,9
BRDA:49,5,0,12
BRDA:49,5,1,9
BRDA:56,6,0,0
BRDA:60,7,0,6
BRDA:60,8,0,6
BRDA:60,8,1,3
BRDA:71,9,0,0
BRDA:90,10,0,0
BRDA:90,11,0,0
BRDA:90,11,1,0
BRDA:120,12,0,0
BRDA:140,13,0,0
BRDA:145,14,0,0
BRDA:145,14,1,1
BRDA:148,15,0,0
BRDA:154,16,0,1
BRDA:154,17,0,0
BRDA:154,17,1,1
BRDA:154,18,0,1
BRDA:154,18,1,1
BRDA:173,19,0,0
BRDA:182,20,0,1
BRDA:182,21,0,3
BRDA:182,21,1,2
BRDA:208,22,0,0
BRDA:216,23,0,1
BRDA:216,23,1,2
BRDA:216,24,0,3
BRDA:216,24,1,1
BRDA:219,25,0,1
BRDA:219,26,0,3
BRDA:219,26,1,2
BRDA:242,27,0,0
BRDA:250,28,0,1
BRDA:250,28,1,3
BRDA:261,29,0,3
BRF:42
BRH:28
end_of_record
TN:
SF:src/utils/async-mutex.ts
FN:4,(anonymous_0)
FN:17,(anonymous_1)
FN:19,(anonymous_2)
FN:39,(anonymous_3)
FN:46,(anonymous_4)
FN:52,(anonymous_5)
FNF:6
FNH:6
FNDA:9,(anonymous_0)
FNDA:23,(anonymous_1)
FNDA:15,(anonymous_2)
FNDA:6,(anonymous_3)
FNDA:4,(anonymous_4)
FNDA:2,(anonymous_5)
DA:4,5
DA:5,9
DA:6,9
DA:19,23
DA:21,15
DA:22,4
DA:23,4
DA:24,3
DA:26,4
DA:28,11
DA:33,23
DA:34,17
DA:35,17
DA:39,6
DA:45,6
DA:46,4
DA:51,6
DA:52,5
DA:54,2
DA:55,2
DA:56,2
DA:58,2
DA:62,6
LF:23
LH:23
BRDA:17,0,0,20
BRDA:21,1,0,4
BRDA:21,1,1,11
BRDA:23,2,0,3
BRDA:33,3,0,17
BRDA:51,4,0,5
BRDA:55,5,0,2
BRF:7
BRH:7
end_of_record
TN:
SF:src/utils/logger.ts
FN:12,(anonymous_0)
FN:19,(anonymous_1)
FN:26,(anonymous_2)
FN:34,(anonymous_3)
FN:43,(anonymous_4)
FN:52,(anonymous_5)
FN:61,(anonymous_6)
FNF:7
FNH:7
FNDA:18,(anonymous_0)
FNDA:14,(anonymous_1)
FNDA:36,(anonymous_2)
FNDA:7,(anonymous_3)
FNDA:20,(anonymous_4)
FNDA:10,(anonymous_5)
FNDA:6,(anonymous_6)
DA:4,3
DA:6,3
DA:13,18
DA:20,14
DA:27,36
DA:28,36
DA:35,7
DA:36,2
DA:44,20
DA:45,19
DA:53,10
DA:54,9
DA:62,6
DA:67,3
DA:68,3
DA:69,3
DA:70,3
LF:17
LH:17
BRDA:35,0,0,2
BRDA:44,1,0,19
BRDA:53,2,0,9
BRF:3
BRH:3
end_of_record
